SF:C:\Users\Khalil Hamahmi\OneDrive - sluz\Dokumente\GitHub\design-patterns\geometry.ts
FN:7,<instance_members_initializer>
FN:8,Square
FN:10,toString
FN:14,getSide
FN:19,<instance_members_initializer>
FN:20,RectangleAdapter
FN:22,getWidth
FN:26,getHeight
FNDA:1,<instance_members_initializer>
FNDA:1,Square
FNDA:0,toString
FNDA:6,getSide
FNDA:1,<instance_members_initializer>
FNDA:1,RectangleAdapter
FNDA:3,getWidth
FNDA:3,getHeight
FNF:8
FNH:7
BRF:0
BRH:0
DA:7,1
DA:8,1
DA:10,0
DA:11,0
DA:12,0
DA:14,1
DA:15,6
DA:16,6
DA:17,1
DA:19,1
DA:20,1
DA:22,1
DA:23,3
DA:24,3
DA:26,1
DA:27,3
DA:28,3
DA:29,1
LH:15
LF:18
end_of_record
SF:C:\Users\Khalil Hamahmi\OneDrive - sluz\Dokumente\GitHub\design-patterns\geometry_third_party.ts
FN:6,<instance_members_initializer>
FN:7,Rectangle
FN:12,getWidth
FN:16,getHeight
FN:20,toString
FN:26,getArea
FN:30,getPerimeter
FN:34,getDiagonal
FN:40,getWidthHeightRatio
FNDA:0,<instance_members_initializer>
FNDA:0,Rectangle
FNDA:0,getWidth
FNDA:0,getHeight
FNDA:0,toString
FNDA:1,getArea
FNDA:1,getPerimeter
FNDA:1,getDiagonal
FNDA:0,getWidthHeightRatio
FNF:9
FNH:3
BRF:0
BRH:0
DA:6,1
DA:7,0
DA:8,0
DA:9,0
DA:10,0
DA:12,0
DA:13,0
DA:14,0
DA:16,0
DA:17,0
DA:18,0
DA:20,0
DA:21,0
DA:22,0
DA:23,1
DA:25,1
DA:26,1
DA:27,1
DA:28,1
DA:30,1
DA:31,1
DA:32,1
DA:34,1
DA:35,1
DA:36,1
DA:38,1
DA:40,0
DA:41,0
DA:42,0
DA:44,1
LH:14
LF:30
end_of_record
